  Determinando los proyectos que se van a restaurar...
  Todos los proyectos est├ín actualizados para la restauraci├│n.
C:\Users\Jerem\source\repos\SGA\SGA\Services\AlertaService.cs(35,25): warning CS8602: Desreferencia de una referencia posiblemente NULL. [C:\Users\Jerem\source\repos\SGA\SGA\SGA.csproj]
C:\Users\Jerem\source\repos\SGA\SGA\Services\AlertaService.cs(43,44): warning CS8602: Desreferencia de una referencia posiblemente NULL. [C:\Users\Jerem\source\repos\SGA\SGA\SGA.csproj]
C:\Users\Jerem\source\repos\SGA\SGA\Controllers\StockGeneralController.cs(305,25): warning CS8602: Desreferencia de una referencia posiblemente NULL. [C:\Users\Jerem\source\repos\SGA\SGA\SGA.csproj]
C:\Users\Jerem\source\repos\SGA\SGA\Controllers\StockGeneralController.cs(329,55): warning CS8602: Desreferencia de una referencia posiblemente NULL. [C:\Users\Jerem\source\repos\SGA\SGA\SGA.csproj]
C:\Users\Jerem\source\repos\SGA\SGA\Services\AlertaService.cs(142,24): warning CS1998: El m├®todo asincr├│nico carece de operadores "await" y se ejecutar├í de forma sincr├│nica. Puede usar el operador 'await' para esperar llamadas API que no sean de bloqueo o 'await Task.Run(...)' para hacer tareas enlazadas a la CPU en un subproceso en segundo plano. [C:\Users\Jerem\source\repos\SGA\SGA\SGA.csproj]
C:\Users\Jerem\source\repos\SGA\SGA\Controllers\StockGeneralController.cs(402,23): warning CS8618: El elemento propiedad "Tipo" que no acepta valores NULL debe contener un valor distinto de NULL al salir del constructor. Considere la posibilidad de agregar el modificador "required'"o declarar el propiedad como un valor que acepta valores NULL. [C:\Users\Jerem\source\repos\SGA\SGA\SGA.csproj]
C:\Users\Jerem\source\repos\SGA\SGA\Controllers\StockGeneralController.cs(404,23): warning CS8618: El elemento propiedad "Destino" que no acepta valores NULL debe contener un valor distinto de NULL al salir del constructor. Considere la posibilidad de agregar el modificador "required'"o declarar el propiedad como un valor que acepta valores NULL. [C:\Users\Jerem\source\repos\SGA\SGA\SGA.csproj]
C:\Users\Jerem\source\repos\SGA\SGA\Controllers\StockGeneralController.cs(405,23): warning CS8618: El elemento propiedad "Usuario" que no acepta valores NULL debe contener un valor distinto de NULL al salir del constructor. Considere la posibilidad de agregar el modificador "required'"o declarar el propiedad como un valor que acepta valores NULL. [C:\Users\Jerem\source\repos\SGA\SGA\SGA.csproj]
C:\Users\Jerem\source\repos\SGA\SGA\Controllers\StockGeneralController.cs(406,23): warning CS8618: El elemento propiedad "Detalle" que no acepta valores NULL debe contener un valor distinto de NULL al salir del constructor. Considere la posibilidad de agregar el modificador "required'"o declarar el propiedad como un valor que acepta valores NULL. [C:\Users\Jerem\source\repos\SGA\SGA\SGA.csproj]
C:\Users\Jerem\source\repos\SGA\SGA\Services\VentaService.cs(460,31): warning CS8600: Se va a convertir un literal nulo o un posible valor nulo en un tipo que no acepta valores NULL [C:\Users\Jerem\source\repos\SGA\SGA\SGA.csproj]
C:\Users\Jerem\source\repos\SGA\SGA\Services\VehiculoService.cs(135,32): warning CS8602: Desreferencia de una referencia posiblemente NULL. [C:\Users\Jerem\source\repos\SGA\SGA\SGA.csproj]
C:\Users\Jerem\source\repos\SGA\SGA\Services\ReporteService.cs(63,25): warning CS8602: Desreferencia de una referencia posiblemente NULL. [C:\Users\Jerem\source\repos\SGA\SGA\SGA.csproj]
C:\Users\Jerem\source\repos\SGA\SGA\Services\ReporteService.cs(67,55): warning CS8602: Desreferencia de una referencia posiblemente NULL. [C:\Users\Jerem\source\repos\SGA\SGA\SGA.csproj]
C:\Users\Jerem\source\repos\SGA\SGA\Services\ReporteService.cs(387,22): warning CS8601: Posible asignaci├│n de referencia nula. [C:\Users\Jerem\source\repos\SGA\SGA\SGA.csproj]
  SGA -> C:\Users\Jerem\source\repos\SGA\SGA\bin\Debug\net8.0\SGA.dll

Compilaci├│n correcta.

C:\Users\Jerem\source\repos\SGA\SGA\Services\AlertaService.cs(35,25): warning CS8602: Desreferencia de una referencia posiblemente NULL. [C:\Users\Jerem\source\repos\SGA\SGA\SGA.csproj]
C:\Users\Jerem\source\repos\SGA\SGA\Services\AlertaService.cs(43,44): warning CS8602: Desreferencia de una referencia posiblemente NULL. [C:\Users\Jerem\source\repos\SGA\SGA\SGA.csproj]
C:\Users\Jerem\source\repos\SGA\SGA\Controllers\StockGeneralController.cs(305,25): warning CS8602: Desreferencia de una referencia posiblemente NULL. [C:\Users\Jerem\source\repos\SGA\SGA\SGA.csproj]
C:\Users\Jerem\source\repos\SGA\SGA\Controllers\StockGeneralController.cs(329,55): warning CS8602: Desreferencia de una referencia posiblemente NULL. [C:\Users\Jerem\source\repos\SGA\SGA\SGA.csproj]
C:\Users\Jerem\source\repos\SGA\SGA\Services\AlertaService.cs(142,24): warning CS1998: El m├®todo asincr├│nico carece de operadores "await" y se ejecutar├í de forma sincr├│nica. Puede usar el operador 'await' para esperar llamadas API que no sean de bloqueo o 'await Task.Run(...)' para hacer tareas enlazadas a la CPU en un subproceso en segundo plano. [C:\Users\Jerem\source\repos\SGA\SGA\SGA.csproj]
C:\Users\Jerem\source\repos\SGA\SGA\Controllers\StockGeneralController.cs(402,23): warning CS8618: El elemento propiedad "Tipo" que no acepta valores NULL debe contener un valor distinto de NULL al salir del constructor. Considere la posibilidad de agregar el modificador "required'"o declarar el propiedad como un valor que acepta valores NULL. [C:\Users\Jerem\source\repos\SGA\SGA\SGA.csproj]
C:\Users\Jerem\source\repos\SGA\SGA\Controllers\StockGeneralController.cs(404,23): warning CS8618: El elemento propiedad "Destino" que no acepta valores NULL debe contener un valor distinto de NULL al salir del constructor. Considere la posibilidad de agregar el modificador "required'"o declarar el propiedad como un valor que acepta valores NULL. [C:\Users\Jerem\source\repos\SGA\SGA\SGA.csproj]
C:\Users\Jerem\source\repos\SGA\SGA\Controllers\StockGeneralController.cs(405,23): warning CS8618: El elemento propiedad "Usuario" que no acepta valores NULL debe contener un valor distinto de NULL al salir del constructor. Considere la posibilidad de agregar el modificador "required'"o declarar el propiedad como un valor que acepta valores NULL. [C:\Users\Jerem\source\repos\SGA\SGA\SGA.csproj]
C:\Users\Jerem\source\repos\SGA\SGA\Controllers\StockGeneralController.cs(406,23): warning CS8618: El elemento propiedad "Detalle" que no acepta valores NULL debe contener un valor distinto de NULL al salir del constructor. Considere la posibilidad de agregar el modificador "required'"o declarar el propiedad como un valor que acepta valores NULL. [C:\Users\Jerem\source\repos\SGA\SGA\SGA.csproj]
C:\Users\Jerem\source\repos\SGA\SGA\Services\VentaService.cs(460,31): warning CS8600: Se va a convertir un literal nulo o un posible valor nulo en un tipo que no acepta valores NULL [C:\Users\Jerem\source\repos\SGA\SGA\SGA.csproj]
C:\Users\Jerem\source\repos\SGA\SGA\Services\VehiculoService.cs(135,32): warning CS8602: Desreferencia de una referencia posiblemente NULL. [C:\Users\Jerem\source\repos\SGA\SGA\SGA.csproj]
C:\Users\Jerem\source\repos\SGA\SGA\Services\ReporteService.cs(63,25): warning CS8602: Desreferencia de una referencia posiblemente NULL. [C:\Users\Jerem\source\repos\SGA\SGA\SGA.csproj]
C:\Users\Jerem\source\repos\SGA\SGA\Services\ReporteService.cs(67,55): warning CS8602: Desreferencia de una referencia posiblemente NULL. [C:\Users\Jerem\source\repos\SGA\SGA\SGA.csproj]
C:\Users\Jerem\source\repos\SGA\SGA\Services\ReporteService.cs(387,22): warning CS8601: Posible asignaci├│n de referencia nula. [C:\Users\Jerem\source\repos\SGA\SGA\SGA.csproj]
    14 Advertencia(s)
    0 Errores

Tiempo transcurrido 00:00:01.86
